<?xml version="1.0" encoding="UTF-8"?>
<!-- Generated by org.testng.reporters.JUnitXMLReporter -->
<testsuite ignored="0" hostname="DESKTOP-PA5GVIV" failures="1" tests="2" name="firefoxTest" time="8.947" errors="0" timestamp="2022-12-11T11:34:40 PST">
  <testcase classname="com.mytestngday22.AutomationScripts1" name="JavaTestParallelMethod1" time="0.0">
    <failure type="org.testng.TestNGException" message="
Parameter &amp;apos;browsername&amp;apos; is required by @Test on method JavaTestParallelMethod1 but has not been marked @Optional or defined
in C:\Users\user\eclipse-workspace\TestNGFramework\testngparameters.xml">
      <![CDATA[org.testng.TestNGException: 
Parameter 'browsername' is required by @Test on method JavaTestParallelMethod1 but has not been marked @Optional or defined
in C:\Users\user\eclipse-workspace\TestNGFramework\testngparameters.xml
at java.base/java.util.ArrayList.forEach(ArrayList.java:1511)
... Removed 26 stack frames]]>
    </failure>
  </testcase> <!-- JavaTestParallelMethod1 -->
  <testcase classname="com.mytestngday22.AutomationScripts1" name="JavaTestParallelMethod2" time="8.921"/>
</testsuite> <!-- firefoxTest -->
