<?xml version="1.0" encoding="UTF-8"?>
<!-- Generated by org.testng.reporters.JUnitXMLReporter -->
<testsuite ignored="0" hostname="DESKTOP-HUI6R7L" failures="4" tests="4" name="Test" time="7.512" errors="0" timestamp="2023-10-24T10:15:01 PDT">
  <testcase classname="com.mytestngday22.AutomationScripts2" name="JavaTestParallelMethod1" time="3.268">
    <failure type="org.openqa.selenium.SessionNotCreatedException" message="session not created: This version of ChromeDriver only supports Chrome version 114
Current browser version is 118.0.5993.70 with binary path C:\Program Files (x86)\Google\Chrome\Application\chrome.exe
Build info: version: &amp;apos;3.141.59&amp;apos;, revision: &amp;apos;e82be7d358&amp;apos;, time: &amp;apos;2018-11-14T08:17:03&amp;apos;
System info: host: &amp;apos;DESKTOP-HUI6R7L&amp;apos;, ip: &amp;apos;192.168.86.24&amp;apos;, os.name: &amp;apos;Windows 11&amp;apos;, os.arch: &amp;apos;amd64&amp;apos;, os.version: &amp;apos;10.0&amp;apos;, java.version: &amp;apos;17.0.5&amp;apos;
Driver info: driver.version: ChromeDriver
remote stacktrace: Backtrace:
	GetHandleVerifier [0x00E9A813+48355]
	(No symbol) [0x00E2C4B1]
	(No symbol) [0x00D35358]
	(No symbol) [0x00D561AC]
	(No symbol) [0x00D51EF3]
	(No symbol) [0x00D50579]
	(No symbol) [0x00D80C55]
	(No symbol) [0x00D8093C]
	(No symbol) [0x00D7A536]
	(No symbol) [0x00D582DC]
	(No symbol) [0x00D593DD]
	GetHandleVerifier [0x010FAABD+2539405]
	GetHandleVerifier [0x0113A78F+2800735]
	GetHandleVerifier [0x0113456C+2775612]
	GetHandleVerifier [0x00F251E0+616112]
	(No symbol) [0x00E35F8C]
	(No symbol) [0x00E32328]
	(No symbol) [0x00E3240B]
	(No symbol) [0x00E24FF7]
	BaseThreadInitThunk [0x77747BA9+25]
	RtlInitializeExceptionChain [0x77A8BD3B+107]
	RtlClearBits [0x77A8BCBF+191]
">
      <![CDATA[org.openqa.selenium.SessionNotCreatedException: session not created: This version of ChromeDriver only supports Chrome version 114
Current browser version is 118.0.5993.70 with binary path C:\Program Files (x86)\Google\Chrome\Application\chrome.exe
Build info: version: '3.141.59', revision: 'e82be7d358', time: '2018-11-14T08:17:03'
System info: host: 'DESKTOP-HUI6R7L', ip: '192.168.86.24', os.name: 'Windows 11', os.arch: 'amd64', os.version: '10.0', java.version: '17.0.5'
Driver info: driver.version: ChromeDriver
remote stacktrace: Backtrace:
GetHandleVerifier [0x00E9A813+48355]
(No symbol) [0x00E2C4B1]
(No symbol) [0x00D35358]
(No symbol) [0x00D561AC]
(No symbol) [0x00D51EF3]
(No symbol) [0x00D50579]
(No symbol) [0x00D80C55]
(No symbol) [0x00D8093C]
(No symbol) [0x00D7A536]
(No symbol) [0x00D582DC]
(No symbol) [0x00D593DD]
GetHandleVerifier [0x010FAABD+2539405]
GetHandleVerifier [0x0113A78F+2800735]
GetHandleVerifier [0x0113456C+2775612]
GetHandleVerifier [0x00F251E0+616112]
(No symbol) [0x00E35F8C]
(No symbol) [0x00E32328]
(No symbol) [0x00E3240B]
(No symbol) [0x00E24FF7]
BaseThreadInitThunk [0x77747BA9+25]
RtlInitializeExceptionChain [0x77A8BD3B+107]
RtlClearBits [0x77A8BCBF+191]

at org.openqa.selenium.remote.W3CHandshakeResponse.lambda$errorHandler$0(W3CHandshakeResponse.java:62)
at org.openqa.selenium.remote.HandshakeResponse.lambda$getResponseFunction$0(HandshakeResponse.java:30)
at org.openqa.selenium.remote.ProtocolHandshake.lambda$createSession$0(ProtocolHandshake.java:126)
at java.base/java.util.stream.ReferencePipeline$3$1.accept(ReferencePipeline.java:197)
at java.base/java.util.Spliterators$ArraySpliterator.tryAdvance(Spliterators.java:1002)
at java.base/java.util.stream.ReferencePipeline.forEachWithCancel(ReferencePipeline.java:129)
at java.base/java.util.stream.AbstractPipeline.copyIntoWithCancel(AbstractPipeline.java:527)
at java.base/java.util.stream.AbstractPipeline.copyInto(AbstractPipeline.java:513)
at java.base/java.util.stream.AbstractPipeline.wrapAndCopyInto(AbstractPipeline.java:499)
at java.base/java.util.stream.FindOps$FindOp.evaluateSequential(FindOps.java:150)
at java.base/java.util.stream.AbstractPipeline.evaluate(AbstractPipeline.java:234)
at java.base/java.util.stream.ReferencePipeline.findFirst(ReferencePipeline.java:647)
at org.openqa.selenium.remote.ProtocolHandshake.createSession(ProtocolHandshake.java:128)
at org.openqa.selenium.remote.ProtocolHandshake.createSession(ProtocolHandshake.java:74)
at org.openqa.selenium.remote.HttpCommandExecutor.execute(HttpCommandExecutor.java:136)
at org.openqa.selenium.remote.service.DriverCommandExecutor.execute(DriverCommandExecutor.java:83)
at org.openqa.selenium.remote.RemoteWebDriver.execute(RemoteWebDriver.java:552)
at org.openqa.selenium.remote.RemoteWebDriver.startSession(RemoteWebDriver.java:213)
at org.openqa.selenium.remote.RemoteWebDriver.<init>(RemoteWebDriver.java:131)
at org.openqa.selenium.chrome.ChromeDriver.<init>(ChromeDriver.java:181)
at org.openqa.selenium.chrome.ChromeDriver.<init>(ChromeDriver.java:168)
at org.openqa.selenium.chrome.ChromeDriver.<init>(ChromeDriver.java:123)
at com.mytestngday22.AutomationScripts2.JavaTestParallelMethod1(AutomationScripts2.java:19)
at java.base/java.util.ArrayList.forEach(ArrayList.java:1511)
... Removed 32 stack frames]]>
    </failure>
  </testcase> <!-- JavaTestParallelMethod1 -->
  <testcase classname="com.mytestngday22.AutomationScripts2" name="JavaTestParallelMethod2" time="1.331">
    <failure type="org.openqa.selenium.SessionNotCreatedException" message="session not created: This version of ChromeDriver only supports Chrome version 114
Current browser version is 118.0.5993.70 with binary path C:\Program Files (x86)\Google\Chrome\Application\chrome.exe
Build info: version: &amp;apos;3.141.59&amp;apos;, revision: &amp;apos;e82be7d358&amp;apos;, time: &amp;apos;2018-11-14T08:17:03&amp;apos;
System info: host: &amp;apos;DESKTOP-HUI6R7L&amp;apos;, ip: &amp;apos;192.168.86.24&amp;apos;, os.name: &amp;apos;Windows 11&amp;apos;, os.arch: &amp;apos;amd64&amp;apos;, os.version: &amp;apos;10.0&amp;apos;, java.version: &amp;apos;17.0.5&amp;apos;
Driver info: driver.version: ChromeDriver
remote stacktrace: Backtrace:
	GetHandleVerifier [0x00E9A813+48355]
	(No symbol) [0x00E2C4B1]
	(No symbol) [0x00D35358]
	(No symbol) [0x00D561AC]
	(No symbol) [0x00D51EF3]
	(No symbol) [0x00D50579]
	(No symbol) [0x00D80C55]
	(No symbol) [0x00D8093C]
	(No symbol) [0x00D7A536]
	(No symbol) [0x00D582DC]
	(No symbol) [0x00D593DD]
	GetHandleVerifier [0x010FAABD+2539405]
	GetHandleVerifier [0x0113A78F+2800735]
	GetHandleVerifier [0x0113456C+2775612]
	GetHandleVerifier [0x00F251E0+616112]
	(No symbol) [0x00E35F8C]
	(No symbol) [0x00E32328]
	(No symbol) [0x00E3240B]
	(No symbol) [0x00E24FF7]
	BaseThreadInitThunk [0x77747BA9+25]
	RtlInitializeExceptionChain [0x77A8BD3B+107]
	RtlClearBits [0x77A8BCBF+191]
">
      <![CDATA[org.openqa.selenium.SessionNotCreatedException: session not created: This version of ChromeDriver only supports Chrome version 114
Current browser version is 118.0.5993.70 with binary path C:\Program Files (x86)\Google\Chrome\Application\chrome.exe
Build info: version: '3.141.59', revision: 'e82be7d358', time: '2018-11-14T08:17:03'
System info: host: 'DESKTOP-HUI6R7L', ip: '192.168.86.24', os.name: 'Windows 11', os.arch: 'amd64', os.version: '10.0', java.version: '17.0.5'
Driver info: driver.version: ChromeDriver
remote stacktrace: Backtrace:
GetHandleVerifier [0x00E9A813+48355]
(No symbol) [0x00E2C4B1]
(No symbol) [0x00D35358]
(No symbol) [0x00D561AC]
(No symbol) [0x00D51EF3]
(No symbol) [0x00D50579]
(No symbol) [0x00D80C55]
(No symbol) [0x00D8093C]
(No symbol) [0x00D7A536]
(No symbol) [0x00D582DC]
(No symbol) [0x00D593DD]
GetHandleVerifier [0x010FAABD+2539405]
GetHandleVerifier [0x0113A78F+2800735]
GetHandleVerifier [0x0113456C+2775612]
GetHandleVerifier [0x00F251E0+616112]
(No symbol) [0x00E35F8C]
(No symbol) [0x00E32328]
(No symbol) [0x00E3240B]
(No symbol) [0x00E24FF7]
BaseThreadInitThunk [0x77747BA9+25]
RtlInitializeExceptionChain [0x77A8BD3B+107]
RtlClearBits [0x77A8BCBF+191]

at org.openqa.selenium.remote.W3CHandshakeResponse.lambda$errorHandler$0(W3CHandshakeResponse.java:62)
at org.openqa.selenium.remote.HandshakeResponse.lambda$getResponseFunction$0(HandshakeResponse.java:30)
at org.openqa.selenium.remote.ProtocolHandshake.lambda$createSession$0(ProtocolHandshake.java:126)
at java.base/java.util.stream.ReferencePipeline$3$1.accept(ReferencePipeline.java:197)
at java.base/java.util.Spliterators$ArraySpliterator.tryAdvance(Spliterators.java:1002)
at java.base/java.util.stream.ReferencePipeline.forEachWithCancel(ReferencePipeline.java:129)
at java.base/java.util.stream.AbstractPipeline.copyIntoWithCancel(AbstractPipeline.java:527)
at java.base/java.util.stream.AbstractPipeline.copyInto(AbstractPipeline.java:513)
at java.base/java.util.stream.AbstractPipeline.wrapAndCopyInto(AbstractPipeline.java:499)
at java.base/java.util.stream.FindOps$FindOp.evaluateSequential(FindOps.java:150)
at java.base/java.util.stream.AbstractPipeline.evaluate(AbstractPipeline.java:234)
at java.base/java.util.stream.ReferencePipeline.findFirst(ReferencePipeline.java:647)
at org.openqa.selenium.remote.ProtocolHandshake.createSession(ProtocolHandshake.java:128)
at org.openqa.selenium.remote.ProtocolHandshake.createSession(ProtocolHandshake.java:74)
at org.openqa.selenium.remote.HttpCommandExecutor.execute(HttpCommandExecutor.java:136)
at org.openqa.selenium.remote.service.DriverCommandExecutor.execute(DriverCommandExecutor.java:83)
at org.openqa.selenium.remote.RemoteWebDriver.execute(RemoteWebDriver.java:552)
at org.openqa.selenium.remote.RemoteWebDriver.startSession(RemoteWebDriver.java:213)
at org.openqa.selenium.remote.RemoteWebDriver.<init>(RemoteWebDriver.java:131)
at org.openqa.selenium.chrome.ChromeDriver.<init>(ChromeDriver.java:181)
at org.openqa.selenium.chrome.ChromeDriver.<init>(ChromeDriver.java:168)
at org.openqa.selenium.chrome.ChromeDriver.<init>(ChromeDriver.java:123)
at com.mytestngday22.AutomationScripts2.JavaTestParallelMethod2(AutomationScripts2.java:38)
at java.base/java.util.ArrayList.forEach(ArrayList.java:1511)
... Removed 32 stack frames]]>
    </failure>
  </testcase> <!-- JavaTestParallelMethod2 -->
  <testcase classname="com.mytestngday22.AutomationScript3" name="JavaTestParallelMethod1" time="1.477">
    <failure type="org.openqa.selenium.SessionNotCreatedException" message="session not created: This version of ChromeDriver only supports Chrome version 114
Current browser version is 118.0.5993.70 with binary path C:\Program Files (x86)\Google\Chrome\Application\chrome.exe
Build info: version: &amp;apos;3.141.59&amp;apos;, revision: &amp;apos;e82be7d358&amp;apos;, time: &amp;apos;2018-11-14T08:17:03&amp;apos;
System info: host: &amp;apos;DESKTOP-HUI6R7L&amp;apos;, ip: &amp;apos;192.168.86.24&amp;apos;, os.name: &amp;apos;Windows 11&amp;apos;, os.arch: &amp;apos;amd64&amp;apos;, os.version: &amp;apos;10.0&amp;apos;, java.version: &amp;apos;17.0.5&amp;apos;
Driver info: driver.version: ChromeDriver
remote stacktrace: Backtrace:
	GetHandleVerifier [0x00E9A813+48355]
	(No symbol) [0x00E2C4B1]
	(No symbol) [0x00D35358]
	(No symbol) [0x00D561AC]
	(No symbol) [0x00D51EF3]
	(No symbol) [0x00D50579]
	(No symbol) [0x00D80C55]
	(No symbol) [0x00D8093C]
	(No symbol) [0x00D7A536]
	(No symbol) [0x00D582DC]
	(No symbol) [0x00D593DD]
	GetHandleVerifier [0x010FAABD+2539405]
	GetHandleVerifier [0x0113A78F+2800735]
	GetHandleVerifier [0x0113456C+2775612]
	GetHandleVerifier [0x00F251E0+616112]
	(No symbol) [0x00E35F8C]
	(No symbol) [0x00E32328]
	(No symbol) [0x00E3240B]
	(No symbol) [0x00E24FF7]
	BaseThreadInitThunk [0x77747BA9+25]
	RtlInitializeExceptionChain [0x77A8BD3B+107]
	RtlClearBits [0x77A8BCBF+191]
">
      <![CDATA[org.openqa.selenium.SessionNotCreatedException: session not created: This version of ChromeDriver only supports Chrome version 114
Current browser version is 118.0.5993.70 with binary path C:\Program Files (x86)\Google\Chrome\Application\chrome.exe
Build info: version: '3.141.59', revision: 'e82be7d358', time: '2018-11-14T08:17:03'
System info: host: 'DESKTOP-HUI6R7L', ip: '192.168.86.24', os.name: 'Windows 11', os.arch: 'amd64', os.version: '10.0', java.version: '17.0.5'
Driver info: driver.version: ChromeDriver
remote stacktrace: Backtrace:
GetHandleVerifier [0x00E9A813+48355]
(No symbol) [0x00E2C4B1]
(No symbol) [0x00D35358]
(No symbol) [0x00D561AC]
(No symbol) [0x00D51EF3]
(No symbol) [0x00D50579]
(No symbol) [0x00D80C55]
(No symbol) [0x00D8093C]
(No symbol) [0x00D7A536]
(No symbol) [0x00D582DC]
(No symbol) [0x00D593DD]
GetHandleVerifier [0x010FAABD+2539405]
GetHandleVerifier [0x0113A78F+2800735]
GetHandleVerifier [0x0113456C+2775612]
GetHandleVerifier [0x00F251E0+616112]
(No symbol) [0x00E35F8C]
(No symbol) [0x00E32328]
(No symbol) [0x00E3240B]
(No symbol) [0x00E24FF7]
BaseThreadInitThunk [0x77747BA9+25]
RtlInitializeExceptionChain [0x77A8BD3B+107]
RtlClearBits [0x77A8BCBF+191]

at org.openqa.selenium.remote.W3CHandshakeResponse.lambda$errorHandler$0(W3CHandshakeResponse.java:62)
at org.openqa.selenium.remote.HandshakeResponse.lambda$getResponseFunction$0(HandshakeResponse.java:30)
at org.openqa.selenium.remote.ProtocolHandshake.lambda$createSession$0(ProtocolHandshake.java:126)
at java.base/java.util.stream.ReferencePipeline$3$1.accept(ReferencePipeline.java:197)
at java.base/java.util.Spliterators$ArraySpliterator.tryAdvance(Spliterators.java:1002)
at java.base/java.util.stream.ReferencePipeline.forEachWithCancel(ReferencePipeline.java:129)
at java.base/java.util.stream.AbstractPipeline.copyIntoWithCancel(AbstractPipeline.java:527)
at java.base/java.util.stream.AbstractPipeline.copyInto(AbstractPipeline.java:513)
at java.base/java.util.stream.AbstractPipeline.wrapAndCopyInto(AbstractPipeline.java:499)
at java.base/java.util.stream.FindOps$FindOp.evaluateSequential(FindOps.java:150)
at java.base/java.util.stream.AbstractPipeline.evaluate(AbstractPipeline.java:234)
at java.base/java.util.stream.ReferencePipeline.findFirst(ReferencePipeline.java:647)
at org.openqa.selenium.remote.ProtocolHandshake.createSession(ProtocolHandshake.java:128)
at org.openqa.selenium.remote.ProtocolHandshake.createSession(ProtocolHandshake.java:74)
at org.openqa.selenium.remote.HttpCommandExecutor.execute(HttpCommandExecutor.java:136)
at org.openqa.selenium.remote.service.DriverCommandExecutor.execute(DriverCommandExecutor.java:83)
at org.openqa.selenium.remote.RemoteWebDriver.execute(RemoteWebDriver.java:552)
at org.openqa.selenium.remote.RemoteWebDriver.startSession(RemoteWebDriver.java:213)
at org.openqa.selenium.remote.RemoteWebDriver.<init>(RemoteWebDriver.java:131)
at org.openqa.selenium.chrome.ChromeDriver.<init>(ChromeDriver.java:181)
at org.openqa.selenium.chrome.ChromeDriver.<init>(ChromeDriver.java:168)
at org.openqa.selenium.chrome.ChromeDriver.<init>(ChromeDriver.java:123)
at com.mytestngday22.AutomationScript3.JavaTestParallelMethod1(AutomationScript3.java:17)
at java.base/java.util.ArrayList.forEach(ArrayList.java:1511)
... Removed 32 stack frames]]>
    </failure>
  </testcase> <!-- JavaTestParallelMethod1 -->
  <testcase classname="com.mytestngday22.AutomationScript3" name="JavaTestParallelMethod2" time="1.398">
    <failure type="org.openqa.selenium.SessionNotCreatedException" message="session not created: This version of ChromeDriver only supports Chrome version 114
Current browser version is 118.0.5993.70 with binary path C:\Program Files (x86)\Google\Chrome\Application\chrome.exe
Build info: version: &amp;apos;3.141.59&amp;apos;, revision: &amp;apos;e82be7d358&amp;apos;, time: &amp;apos;2018-11-14T08:17:03&amp;apos;
System info: host: &amp;apos;DESKTOP-HUI6R7L&amp;apos;, ip: &amp;apos;192.168.86.24&amp;apos;, os.name: &amp;apos;Windows 11&amp;apos;, os.arch: &amp;apos;amd64&amp;apos;, os.version: &amp;apos;10.0&amp;apos;, java.version: &amp;apos;17.0.5&amp;apos;
Driver info: driver.version: ChromeDriver
remote stacktrace: Backtrace:
	GetHandleVerifier [0x00E9A813+48355]
	(No symbol) [0x00E2C4B1]
	(No symbol) [0x00D35358]
	(No symbol) [0x00D561AC]
	(No symbol) [0x00D51EF3]
	(No symbol) [0x00D50579]
	(No symbol) [0x00D80C55]
	(No symbol) [0x00D8093C]
	(No symbol) [0x00D7A536]
	(No symbol) [0x00D582DC]
	(No symbol) [0x00D593DD]
	GetHandleVerifier [0x010FAABD+2539405]
	GetHandleVerifier [0x0113A78F+2800735]
	GetHandleVerifier [0x0113456C+2775612]
	GetHandleVerifier [0x00F251E0+616112]
	(No symbol) [0x00E35F8C]
	(No symbol) [0x00E32328]
	(No symbol) [0x00E3240B]
	(No symbol) [0x00E24FF7]
	BaseThreadInitThunk [0x77747BA9+25]
	RtlInitializeExceptionChain [0x77A8BD3B+107]
	RtlClearBits [0x77A8BCBF+191]
">
      <![CDATA[org.openqa.selenium.SessionNotCreatedException: session not created: This version of ChromeDriver only supports Chrome version 114
Current browser version is 118.0.5993.70 with binary path C:\Program Files (x86)\Google\Chrome\Application\chrome.exe
Build info: version: '3.141.59', revision: 'e82be7d358', time: '2018-11-14T08:17:03'
System info: host: 'DESKTOP-HUI6R7L', ip: '192.168.86.24', os.name: 'Windows 11', os.arch: 'amd64', os.version: '10.0', java.version: '17.0.5'
Driver info: driver.version: ChromeDriver
remote stacktrace: Backtrace:
GetHandleVerifier [0x00E9A813+48355]
(No symbol) [0x00E2C4B1]
(No symbol) [0x00D35358]
(No symbol) [0x00D561AC]
(No symbol) [0x00D51EF3]
(No symbol) [0x00D50579]
(No symbol) [0x00D80C55]
(No symbol) [0x00D8093C]
(No symbol) [0x00D7A536]
(No symbol) [0x00D582DC]
(No symbol) [0x00D593DD]
GetHandleVerifier [0x010FAABD+2539405]
GetHandleVerifier [0x0113A78F+2800735]
GetHandleVerifier [0x0113456C+2775612]
GetHandleVerifier [0x00F251E0+616112]
(No symbol) [0x00E35F8C]
(No symbol) [0x00E32328]
(No symbol) [0x00E3240B]
(No symbol) [0x00E24FF7]
BaseThreadInitThunk [0x77747BA9+25]
RtlInitializeExceptionChain [0x77A8BD3B+107]
RtlClearBits [0x77A8BCBF+191]

at org.openqa.selenium.remote.W3CHandshakeResponse.lambda$errorHandler$0(W3CHandshakeResponse.java:62)
at org.openqa.selenium.remote.HandshakeResponse.lambda$getResponseFunction$0(HandshakeResponse.java:30)
at org.openqa.selenium.remote.ProtocolHandshake.lambda$createSession$0(ProtocolHandshake.java:126)
at java.base/java.util.stream.ReferencePipeline$3$1.accept(ReferencePipeline.java:197)
at java.base/java.util.Spliterators$ArraySpliterator.tryAdvance(Spliterators.java:1002)
at java.base/java.util.stream.ReferencePipeline.forEachWithCancel(ReferencePipeline.java:129)
at java.base/java.util.stream.AbstractPipeline.copyIntoWithCancel(AbstractPipeline.java:527)
at java.base/java.util.stream.AbstractPipeline.copyInto(AbstractPipeline.java:513)
at java.base/java.util.stream.AbstractPipeline.wrapAndCopyInto(AbstractPipeline.java:499)
at java.base/java.util.stream.FindOps$FindOp.evaluateSequential(FindOps.java:150)
at java.base/java.util.stream.AbstractPipeline.evaluate(AbstractPipeline.java:234)
at java.base/java.util.stream.ReferencePipeline.findFirst(ReferencePipeline.java:647)
at org.openqa.selenium.remote.ProtocolHandshake.createSession(ProtocolHandshake.java:128)
at org.openqa.selenium.remote.ProtocolHandshake.createSession(ProtocolHandshake.java:74)
at org.openqa.selenium.remote.HttpCommandExecutor.execute(HttpCommandExecutor.java:136)
at org.openqa.selenium.remote.service.DriverCommandExecutor.execute(DriverCommandExecutor.java:83)
at org.openqa.selenium.remote.RemoteWebDriver.execute(RemoteWebDriver.java:552)
at org.openqa.selenium.remote.RemoteWebDriver.startSession(RemoteWebDriver.java:213)
at org.openqa.selenium.remote.RemoteWebDriver.<init>(RemoteWebDriver.java:131)
at org.openqa.selenium.chrome.ChromeDriver.<init>(ChromeDriver.java:181)
at org.openqa.selenium.chrome.ChromeDriver.<init>(ChromeDriver.java:168)
at org.openqa.selenium.chrome.ChromeDriver.<init>(ChromeDriver.java:123)
at com.mytestngday22.AutomationScript3.JavaTestParallelMethod2(AutomationScript3.java:36)
at java.base/java.util.ArrayList.forEach(ArrayList.java:1511)
... Removed 32 stack frames]]>
    </failure>
  </testcase> <!-- JavaTestParallelMethod2 -->
</testsuite> <!-- Test -->
